2022-03-28 13:23:26,445 DEBUG [TestNG-tests-1] InternalLoggerFactory:89 - Using Log4J as the default logging framework
2022-03-28 13:23:26,449 DEBUG [TestNG-tests-1] ResourceLeakDetector:129 - -Dio.netty.leakDetection.level: simple
2022-03-28 13:23:26,449 DEBUG [TestNG-tests-1] ResourceLeakDetector:130 - -Dio.netty.leakDetection.targetRecords: 4
2022-03-28 13:23:26,453 DEBUG [TestNG-tests-1] ResourceLeakDetectorFactory:196 - Loaded default ResourceLeakDetector: io.netty.util.ResourceLeakDetector@52b3d025
2022-03-28 13:23:26,466 DEBUG [TestNG-tests-1] PlatformDependent0:460 - -Dio.netty.noUnsafe: false
2022-03-28 13:23:26,467 DEBUG [TestNG-tests-1] PlatformDependent0:954 - Java version: 15
2022-03-28 13:23:26,468 DEBUG [TestNG-tests-1] PlatformDependent0:135 - sun.misc.Unsafe.theUnsafe: available
2022-03-28 13:23:26,469 DEBUG [TestNG-tests-1] PlatformDependent0:159 - sun.misc.Unsafe.copyMemory: available
2022-03-28 13:23:26,469 DEBUG [TestNG-tests-1] PlatformDependent0:202 - java.nio.Buffer.address: available
2022-03-28 13:23:26,470 DEBUG [TestNG-tests-1] PlatformDependent0:282 - direct buffer constructor: unavailable
java.lang.UnsupportedOperationException: Reflective setAccessible(true) disabled
	at io.netty.util.internal.ReflectionUtil.trySetAccessible(ReflectionUtil.java:31)
	at io.netty.util.internal.PlatformDependent0$4.run(PlatformDependent0.java:253)
	at java.base/java.security.AccessController.doPrivileged(AccessController.java:312)
	at io.netty.util.internal.PlatformDependent0.<clinit>(PlatformDependent0.java:247)
	at io.netty.util.internal.PlatformDependent.isAndroid(PlatformDependent.java:294)
	at io.netty.util.internal.PlatformDependent.<clinit>(PlatformDependent.java:88)
	at io.netty.util.HashedWheelTimer.<init>(HashedWheelTimer.java:114)
	at io.netty.util.HashedWheelTimer.<init>(HashedWheelTimer.java:251)
	at io.netty.util.HashedWheelTimer.<init>(HashedWheelTimer.java:224)
	at io.netty.util.HashedWheelTimer.<init>(HashedWheelTimer.java:203)
	at org.asynchttpclient.DefaultAsyncHttpClient.newNettyTimer(DefaultAsyncHttpClient.java:111)
	at org.asynchttpclient.DefaultAsyncHttpClient.<init>(DefaultAsyncHttpClient.java:90)
	at org.asynchttpclient.Dsl.asyncHttpClient(Dsl.java:32)
	at org.openqa.selenium.remote.http.netty.NettyClient.createHttpClient(NettyClient.java:103)
	at org.openqa.selenium.remote.http.netty.NettyClient.<clinit>(NettyClient.java:50)
	at org.openqa.selenium.remote.http.netty.NettyClient$Factory.createClient(NettyClient.java:144)
	at org.openqa.selenium.remote.HttpCommandExecutor.<init>(HttpCommandExecutor.java:107)
	at org.openqa.selenium.remote.HttpCommandExecutor.<init>(HttpCommandExecutor.java:94)
	at org.openqa.selenium.remote.HttpCommandExecutor.<init>(HttpCommandExecutor.java:85)
	at org.openqa.selenium.remote.service.DriverCommandExecutor.<init>(DriverCommandExecutor.java:77)
	at org.openqa.selenium.chromium.ChromiumDriverCommandExecutor.<init>(ChromiumDriverCommandExecutor.java:35)
	at org.openqa.selenium.chrome.ChromeDriver$ChromeDriverCommandExecutor.<init>(ChromeDriver.java:111)
	at org.openqa.selenium.chrome.ChromeDriver.<init>(ChromeDriver.java:104)
	at org.openqa.selenium.chrome.ChromeDriver.<init>(ChromeDriver.java:91)
	at org.openqa.selenium.chrome.ChromeDriver.<init>(ChromeDriver.java:80)
	at com.flipkart.base.TestBase.getDriverInstance(TestBase.java:43)
	at com.flipkart.test.OrderShippingPageTest.initialize(OrderShippingPageTest.java:41)
	at java.base/jdk.internal.reflect.NativeMethodAccessorImpl.invoke0(Native Method)
	at java.base/jdk.internal.reflect.NativeMethodAccessorImpl.invoke(NativeMethodAccessorImpl.java:64)
	at java.base/jdk.internal.reflect.DelegatingMethodAccessorImpl.invoke(DelegatingMethodAccessorImpl.java:43)
	at java.base/java.lang.reflect.Method.invoke(Method.java:564)
	at org.testng.internal.MethodInvocationHelper.invokeMethod(MethodInvocationHelper.java:133)
	at org.testng.internal.MethodInvocationHelper.invokeMethodConsideringTimeout(MethodInvocationHelper.java:62)
	at org.testng.internal.ConfigInvoker.invokeConfigurationMethod(ConfigInvoker.java:385)
	at org.testng.internal.ConfigInvoker.invokeConfigurations(ConfigInvoker.java:321)
	at org.testng.internal.TestMethodWorker.invokeBeforeClassMethods(TestMethodWorker.java:176)
	at org.testng.internal.TestMethodWorker.run(TestMethodWorker.java:122)
	at java.base/java.util.ArrayList.forEach(ArrayList.java:1511)
	at org.testng.TestRunner.privateRun(TestRunner.java:794)
	at org.testng.TestRunner.run(TestRunner.java:596)
	at org.testng.SuiteRunner.runTest(SuiteRunner.java:377)
	at org.testng.SuiteRunner.access$000(SuiteRunner.java:28)
	at org.testng.SuiteRunner$SuiteWorker.run(SuiteRunner.java:418)
	at org.testng.internal.thread.ThreadUtil.lambda$execute$0(ThreadUtil.java:64)
	at java.base/java.util.concurrent.FutureTask.run(FutureTask.java:264)
	at java.base/java.util.concurrent.ThreadPoolExecutor.runWorker(ThreadPoolExecutor.java:1130)
	at java.base/java.util.concurrent.ThreadPoolExecutor$Worker.run(ThreadPoolExecutor.java:630)
	at java.base/java.lang.Thread.run(Thread.java:832)
2022-03-28 13:23:26,472 DEBUG [TestNG-tests-1] PlatformDependent0:350 - java.nio.Bits.unaligned: available, true
2022-03-28 13:23:26,473 DEBUG [TestNG-tests-1] PlatformDependent0:414 - jdk.internal.misc.Unsafe.allocateUninitializedArray(int): unavailable
java.lang.IllegalAccessException: class io.netty.util.internal.PlatformDependent0$6 cannot access class jdk.internal.misc.Unsafe (in module java.base) because module java.base does not export jdk.internal.misc to unnamed module @4e8de813
	at java.base/jdk.internal.reflect.Reflection.newIllegalAccessException(Reflection.java:385)
	at java.base/java.lang.reflect.AccessibleObject.checkAccess(AccessibleObject.java:693)
	at java.base/java.lang.reflect.Method.invoke(Method.java:556)
	at io.netty.util.internal.PlatformDependent0$6.run(PlatformDependent0.java:375)
	at java.base/java.security.AccessController.doPrivileged(AccessController.java:312)
	at io.netty.util.internal.PlatformDependent0.<clinit>(PlatformDependent0.java:366)
	at io.netty.util.internal.PlatformDependent.isAndroid(PlatformDependent.java:294)
	at io.netty.util.internal.PlatformDependent.<clinit>(PlatformDependent.java:88)
	at io.netty.util.HashedWheelTimer.<init>(HashedWheelTimer.java:114)
	at io.netty.util.HashedWheelTimer.<init>(HashedWheelTimer.java:251)
	at io.netty.util.HashedWheelTimer.<init>(HashedWheelTimer.java:224)
	at io.netty.util.HashedWheelTimer.<init>(HashedWheelTimer.java:203)
	at org.asynchttpclient.DefaultAsyncHttpClient.newNettyTimer(DefaultAsyncHttpClient.java:111)
	at org.asynchttpclient.DefaultAsyncHttpClient.<init>(DefaultAsyncHttpClient.java:90)
	at org.asynchttpclient.Dsl.asyncHttpClient(Dsl.java:32)
	at org.openqa.selenium.remote.http.netty.NettyClient.createHttpClient(NettyClient.java:103)
	at org.openqa.selenium.remote.http.netty.NettyClient.<clinit>(NettyClient.java:50)
	at org.openqa.selenium.remote.http.netty.NettyClient$Factory.createClient(NettyClient.java:144)
	at org.openqa.selenium.remote.HttpCommandExecutor.<init>(HttpCommandExecutor.java:107)
	at org.openqa.selenium.remote.HttpCommandExecutor.<init>(HttpCommandExecutor.java:94)
	at org.openqa.selenium.remote.HttpCommandExecutor.<init>(HttpCommandExecutor.java:85)
	at org.openqa.selenium.remote.service.DriverCommandExecutor.<init>(DriverCommandExecutor.java:77)
	at org.openqa.selenium.chromium.ChromiumDriverCommandExecutor.<init>(ChromiumDriverCommandExecutor.java:35)
	at org.openqa.selenium.chrome.ChromeDriver$ChromeDriverCommandExecutor.<init>(ChromeDriver.java:111)
	at org.openqa.selenium.chrome.ChromeDriver.<init>(ChromeDriver.java:104)
	at org.openqa.selenium.chrome.ChromeDriver.<init>(ChromeDriver.java:91)
	at org.openqa.selenium.chrome.ChromeDriver.<init>(ChromeDriver.java:80)
	at com.flipkart.base.TestBase.getDriverInstance(TestBase.java:43)
	at com.flipkart.test.OrderShippingPageTest.initialize(OrderShippingPageTest.java:41)
	at java.base/jdk.internal.reflect.NativeMethodAccessorImpl.invoke0(Native Method)
	at java.base/jdk.internal.reflect.NativeMethodAccessorImpl.invoke(NativeMethodAccessorImpl.java:64)
	at java.base/jdk.internal.reflect.DelegatingMethodAccessorImpl.invoke(DelegatingMethodAccessorImpl.java:43)
	at java.base/java.lang.reflect.Method.invoke(Method.java:564)
	at org.testng.internal.MethodInvocationHelper.invokeMethod(MethodInvocationHelper.java:133)
	at org.testng.internal.MethodInvocationHelper.invokeMethodConsideringTimeout(MethodInvocationHelper.java:62)
	at org.testng.internal.ConfigInvoker.invokeConfigurationMethod(ConfigInvoker.java:385)
	at org.testng.internal.ConfigInvoker.invokeConfigurations(ConfigInvoker.java:321)
	at org.testng.internal.TestMethodWorker.invokeBeforeClassMethods(TestMethodWorker.java:176)
	at org.testng.internal.TestMethodWorker.run(TestMethodWorker.java:122)
	at java.base/java.util.ArrayList.forEach(ArrayList.java:1511)
	at org.testng.TestRunner.privateRun(TestRunner.java:794)
	at org.testng.TestRunner.run(TestRunner.java:596)
	at org.testng.SuiteRunner.runTest(SuiteRunner.java:377)
	at org.testng.SuiteRunner.access$000(SuiteRunner.java:28)
	at org.testng.SuiteRunner$SuiteWorker.run(SuiteRunner.java:418)
	at org.testng.internal.thread.ThreadUtil.lambda$execute$0(ThreadUtil.java:64)
	at java.base/java.util.concurrent.FutureTask.run(FutureTask.java:264)
	at java.base/java.util.concurrent.ThreadPoolExecutor.runWorker(ThreadPoolExecutor.java:1130)
	at java.base/java.util.concurrent.ThreadPoolExecutor$Worker.run(ThreadPoolExecutor.java:630)
	at java.base/java.lang.Thread.run(Thread.java:832)
2022-03-28 13:23:26,475 DEBUG [TestNG-tests-1] PlatformDependent0:446 - java.nio.DirectByteBuffer.<init>(long, int): unavailable
2022-03-28 13:23:26,476 DEBUG [TestNG-tests-1] PlatformDependent:1103 - sun.misc.Unsafe: available
2022-03-28 13:23:26,486 DEBUG [TestNG-tests-1] PlatformDependent:1205 - maxDirectMemory: 4137680896 bytes (maybe)
2022-03-28 13:23:26,486 DEBUG [TestNG-tests-1] PlatformDependent:1224 - -Dio.netty.tmpdir: C:\Users\E008104\AppData\Local\Temp (java.io.tmpdir)
2022-03-28 13:23:26,486 DEBUG [TestNG-tests-1] PlatformDependent:1303 - -Dio.netty.bitMode: 64 (sun.arch.data.model)
2022-03-28 13:23:26,487 DEBUG [TestNG-tests-1] PlatformDependent:1063 - Platform: Windows
2022-03-28 13:23:26,487 DEBUG [TestNG-tests-1] PlatformDependent:178 - -Dio.netty.maxDirectMemory: -1 bytes
2022-03-28 13:23:26,488 DEBUG [TestNG-tests-1] PlatformDependent:185 - -Dio.netty.uninitializedArrayAllocationThreshold: -1
2022-03-28 13:23:26,488 DEBUG [TestNG-tests-1] CleanerJava9:71 - java.nio.ByteBuffer.cleaner(): available
2022-03-28 13:23:26,488 DEBUG [TestNG-tests-1] PlatformDependent:205 - -Dio.netty.noPreferDirect: false
2022-03-28 13:23:26,494 DEBUG [TestNG-tests-1] PlatformDependent:967 - org.jctools-core.MpscChunkedArrayQueue: available
2022-03-28 13:23:26,506 DEBUG [TestNG-tests-1] InternalThreadLocalMap:83 - -Dio.netty.threadLocalMap.stringBuilder.initialSize: 1024
2022-03-28 13:23:26,507 DEBUG [TestNG-tests-1] InternalThreadLocalMap:86 - -Dio.netty.threadLocalMap.stringBuilder.maxSize: 4096
2022-03-28 13:23:26,537 DEBUG [TestNG-tests-1] JdkSslContext:97 - Default protocols (JDK): [TLSv1.3, TLSv1.2, TLSv1.1, TLSv1] 
2022-03-28 13:23:26,537 DEBUG [TestNG-tests-1] JdkSslContext:98 - Default cipher suites (JDK): [TLS_ECDHE_ECDSA_WITH_AES_256_GCM_SHA384, TLS_ECDHE_ECDSA_WITH_AES_128_GCM_SHA256, TLS_ECDHE_RSA_WITH_AES_128_GCM_SHA256, TLS_ECDHE_RSA_WITH_AES_256_GCM_SHA384, TLS_ECDHE_RSA_WITH_AES_128_CBC_SHA, TLS_ECDHE_RSA_WITH_AES_256_CBC_SHA, TLS_RSA_WITH_AES_128_GCM_SHA256, TLS_RSA_WITH_AES_128_CBC_SHA, TLS_RSA_WITH_AES_256_CBC_SHA, TLS_AES_128_GCM_SHA256, TLS_AES_256_GCM_SHA384]
2022-03-28 13:23:26,557 DEBUG [TestNG-tests-1] MultithreadEventLoopGroup:44 - -Dio.netty.eventLoopThreads: 16
2022-03-28 13:23:26,565 DEBUG [TestNG-tests-1] NioEventLoop:106 - -Dio.netty.noKeySetOptimization: false
2022-03-28 13:23:26,565 DEBUG [TestNG-tests-1] NioEventLoop:107 - -Dio.netty.selectorAutoRebuildThreshold: 512
2022-03-28 13:23:26,576 DEBUG [TestNG-tests-1] NioEventLoop:260 - instrumented a special java.util.Set into: sun.nio.ch.WindowsSelectorImpl@7d873519
2022-03-28 13:23:26,577 DEBUG [TestNG-tests-1] NioEventLoop:260 - instrumented a special java.util.Set into: sun.nio.ch.WindowsSelectorImpl@11c0337a
2022-03-28 13:23:26,578 DEBUG [TestNG-tests-1] NioEventLoop:260 - instrumented a special java.util.Set into: sun.nio.ch.WindowsSelectorImpl@b5268ab
2022-03-28 13:23:26,579 DEBUG [TestNG-tests-1] NioEventLoop:260 - instrumented a special java.util.Set into: sun.nio.ch.WindowsSelectorImpl@3634ef70
2022-03-28 13:23:26,580 DEBUG [TestNG-tests-1] NioEventLoop:260 - instrumented a special java.util.Set into: sun.nio.ch.WindowsSelectorImpl@3748136c
2022-03-28 13:23:26,580 DEBUG [TestNG-tests-1] NioEventLoop:260 - instrumented a special java.util.Set into: sun.nio.ch.WindowsSelectorImpl@7aacad31
2022-03-28 13:23:26,581 DEBUG [TestNG-tests-1] NioEventLoop:260 - instrumented a special java.util.Set into: sun.nio.ch.WindowsSelectorImpl@1bd10923
2022-03-28 13:23:26,582 DEBUG [TestNG-tests-1] NioEventLoop:260 - instrumented a special java.util.Set into: sun.nio.ch.WindowsSelectorImpl@7b848696
2022-03-28 13:23:26,582 DEBUG [TestNG-tests-1] NioEventLoop:260 - instrumented a special java.util.Set into: sun.nio.ch.WindowsSelectorImpl@299ef300
2022-03-28 13:23:26,583 DEBUG [TestNG-tests-1] NioEventLoop:260 - instrumented a special java.util.Set into: sun.nio.ch.WindowsSelectorImpl@6168cbe8
2022-03-28 13:23:26,584 DEBUG [TestNG-tests-1] NioEventLoop:260 - instrumented a special java.util.Set into: sun.nio.ch.WindowsSelectorImpl@2edf2fbb
2022-03-28 13:23:26,584 DEBUG [TestNG-tests-1] NioEventLoop:260 - instrumented a special java.util.Set into: sun.nio.ch.WindowsSelectorImpl@d18ca50
2022-03-28 13:23:26,585 DEBUG [TestNG-tests-1] NioEventLoop:260 - instrumented a special java.util.Set into: sun.nio.ch.WindowsSelectorImpl@1486270d
2022-03-28 13:23:26,585 DEBUG [TestNG-tests-1] NioEventLoop:260 - instrumented a special java.util.Set into: sun.nio.ch.WindowsSelectorImpl@36fd5ab9
2022-03-28 13:23:26,586 DEBUG [TestNG-tests-1] NioEventLoop:260 - instrumented a special java.util.Set into: sun.nio.ch.WindowsSelectorImpl@4b9c9049
2022-03-28 13:23:26,586 DEBUG [TestNG-tests-1] NioEventLoop:260 - instrumented a special java.util.Set into: sun.nio.ch.WindowsSelectorImpl@8a3d8b2
2022-03-28 13:23:26,600 DEBUG [TestNG-tests-1] PooledByteBufAllocator:155 - -Dio.netty.allocator.numHeapArenas: 16
2022-03-28 13:23:26,601 DEBUG [TestNG-tests-1] PooledByteBufAllocator:156 - -Dio.netty.allocator.numDirectArenas: 16
2022-03-28 13:23:26,601 DEBUG [TestNG-tests-1] PooledByteBufAllocator:158 - -Dio.netty.allocator.pageSize: 8192
2022-03-28 13:23:26,601 DEBUG [TestNG-tests-1] PooledByteBufAllocator:163 - -Dio.netty.allocator.maxOrder: 11
2022-03-28 13:23:26,601 DEBUG [TestNG-tests-1] PooledByteBufAllocator:167 - -Dio.netty.allocator.chunkSize: 16777216
2022-03-28 13:23:26,601 DEBUG [TestNG-tests-1] PooledByteBufAllocator:168 - -Dio.netty.allocator.smallCacheSize: 256
2022-03-28 13:23:26,601 DEBUG [TestNG-tests-1] PooledByteBufAllocator:169 - -Dio.netty.allocator.normalCacheSize: 64
2022-03-28 13:23:26,601 DEBUG [TestNG-tests-1] PooledByteBufAllocator:170 - -Dio.netty.allocator.maxCachedBufferCapacity: 32768
2022-03-28 13:23:26,602 DEBUG [TestNG-tests-1] PooledByteBufAllocator:171 - -Dio.netty.allocator.cacheTrimInterval: 8192
2022-03-28 13:23:26,602 DEBUG [TestNG-tests-1] PooledByteBufAllocator:172 - -Dio.netty.allocator.cacheTrimIntervalMillis: 0
2022-03-28 13:23:26,602 DEBUG [TestNG-tests-1] PooledByteBufAllocator:173 - -Dio.netty.allocator.useCacheForAllThreads: true
2022-03-28 13:23:26,602 DEBUG [TestNG-tests-1] PooledByteBufAllocator:174 - -Dio.netty.allocator.maxCachedByteBuffersPerChunk: 1023
2022-03-28 13:23:26,610 DEBUG [TestNG-tests-1] ByteBufUtil:87 - -Dio.netty.allocator.type: pooled
2022-03-28 13:23:26,610 DEBUG [TestNG-tests-1] ByteBufUtil:96 - -Dio.netty.threadLocalDirectBufferSize: 0
2022-03-28 13:23:26,611 DEBUG [TestNG-tests-1] ByteBufUtil:99 - -Dio.netty.maxThreadLocalCharBufferSize: 16384
2022-03-28 13:23:27,317 DEBUG [Forwarding newSession on session null to remote] DefaultChannelId:79 - -Dio.netty.processId: 26864 (auto-detected)
2022-03-28 13:23:27,319 DEBUG [Forwarding newSession on session null to remote] NetUtil:135 - -Djava.net.preferIPv4Stack: false
2022-03-28 13:23:27,319 DEBUG [Forwarding newSession on session null to remote] NetUtil:136 - -Djava.net.preferIPv6Addresses: false
2022-03-28 13:23:27,325 DEBUG [Forwarding newSession on session null to remote] NetUtilInitializations:129 - Loopback interface: lo (Software Loopback Interface 1, 127.0.0.1)
2022-03-28 13:23:27,326 DEBUG [Forwarding newSession on session null to remote] NetUtil:187 - Failed to get SOMAXCONN from sysctl and file \proc\sys\net\core\somaxconn. Default: 200
2022-03-28 13:23:27,345 DEBUG [Forwarding newSession on session null to remote] DefaultChannelId:101 - -Dio.netty.machineId: ac:74:b1:ff:fe:a4:47:2d (auto-detected)
2022-03-28 13:23:27,376 DEBUG [AsyncHttpClient-1-2] AbstractByteBuf:63 - -Dio.netty.buffer.checkAccessible: true
2022-03-28 13:23:27,377 DEBUG [AsyncHttpClient-1-2] AbstractByteBuf:64 - -Dio.netty.buffer.checkBounds: true
2022-03-28 13:23:27,377 DEBUG [AsyncHttpClient-1-2] ResourceLeakDetectorFactory:196 - Loaded default ResourceLeakDetector: io.netty.util.ResourceLeakDetector@631db7dd
2022-03-28 13:23:27,391 DEBUG [AsyncHttpClient-1-2] Recycler:103 - -Dio.netty.recycler.maxCapacityPerThread: 4096
2022-03-28 13:23:27,391 DEBUG [AsyncHttpClient-1-2] Recycler:104 - -Dio.netty.recycler.maxSharedCapacityFactor: 2
2022-03-28 13:23:27,391 DEBUG [AsyncHttpClient-1-2] Recycler:105 - -Dio.netty.recycler.linkCapacity: 16
2022-03-28 13:23:27,392 DEBUG [AsyncHttpClient-1-2] Recycler:106 - -Dio.netty.recycler.ratio: 8
2022-03-28 13:23:27,392 DEBUG [AsyncHttpClient-1-2] Recycler:107 - -Dio.netty.recycler.delayedQueue.ratio: 8
2022-03-28 13:23:28,016 DEBUG [AsyncHttpClient-1-2] Brotli:38 - brotli4j not in the classpath; Brotli support will be unavailable.
2022-03-28 13:23:28,116 DEBUG [TestNG-tests-1] ThreadLocalRandom:214 - -Dio.netty.initialSeedUniquifier: 0x0a37f1d4e1cdfef0
2022-03-28 13:24:07,542 DEBUG [AsyncHttpClient-1-4] WebSocket08FrameEncoder:131 - Encoding WebSocket Frame opCode=8 length=26
2022-03-28 13:24:44,320 DEBUG [AsyncHttpClient-1-7] WebSocket08FrameEncoder:131 - Encoding WebSocket Frame opCode=8 length=26
2022-03-28 13:26:14,755 DEBUG [AsyncHttpClient-1-10] WebSocket08FrameEncoder:131 - Encoding WebSocket Frame opCode=8 length=26
2022-03-28 13:27:21,960 DEBUG [AsyncHttpClient-1-13] WebSocket08FrameEncoder:131 - Encoding WebSocket Frame opCode=8 length=26
2022-03-28 13:27:31,441 DEBUG [AsyncHttpClient-1-16] WebSocket08FrameEncoder:131 - Encoding WebSocket Frame opCode=8 length=26
2022-03-28 13:27:41,400 DEBUG [AsyncHttpClient-1-3] WebSocket08FrameEncoder:131 - Encoding WebSocket Frame opCode=8 length=26
2022-03-28 13:28:04,743 DEBUG [AsyncHttpClient-1-6] WebSocket08FrameEncoder:131 - Encoding WebSocket Frame opCode=8 length=26
2022-03-28 13:28:40,860 DEBUG [AsyncHttpClient-1-9] WebSocket08FrameEncoder:131 - Encoding WebSocket Frame opCode=8 length=26
2022-03-28 13:28:48,524 DEBUG [AsyncHttpClient-1-12] WebSocket08FrameEncoder:131 - Encoding WebSocket Frame opCode=8 length=26
2022-03-28 13:28:58,414 DEBUG [AsyncHttpClient-1-15] WebSocket08FrameEncoder:131 - Encoding WebSocket Frame opCode=8 length=26
2022-03-28 13:29:08,895 DEBUG [AsyncHttpClient-1-2] WebSocket08FrameEncoder:131 - Encoding WebSocket Frame opCode=8 length=26
2022-03-28 13:29:19,455 DEBUG [AsyncHttpClient-1-5] WebSocket08FrameEncoder:131 - Encoding WebSocket Frame opCode=8 length=26
2022-03-28 13:29:28,656 DEBUG [AsyncHttpClient-1-8] WebSocket08FrameEncoder:131 - Encoding WebSocket Frame opCode=8 length=26
2022-03-28 13:29:38,009 DEBUG [AsyncHttpClient-1-11] WebSocket08FrameEncoder:131 - Encoding WebSocket Frame opCode=8 length=26
2022-03-28 13:29:50,256 DEBUG [AsyncHttpClient-1-14] WebSocket08FrameEncoder:131 - Encoding WebSocket Frame opCode=8 length=26
2022-03-28 13:29:51,071 DEBUG [TestNG-tests-1] cache:45 - Couldn't find template in cache for "index.ftl"("en", UTF-8, parsed); will try to load it.
2022-03-28 13:29:51,072 DEBUG [TestNG-tests-1] cache:45 - TemplateLoader.findTemplateSource("index_en.ftl"): Not found
2022-03-28 13:29:51,074 DEBUG [TestNG-tests-1] cache:45 - TemplateLoader.findTemplateSource("index.ftl"): Found
2022-03-28 13:29:51,074 DEBUG [TestNG-tests-1] cache:45 - Loading template for "index.ftl"("en", UTF-8, parsed) from "jar:file:/C:/Users/E008104/.m2/repository/com/aventstack/extentreports/3.1.5/extentreports-3.1.5.jar!/com/aventstack/extentreports/view/html-report/index.ftl"
2022-03-28 13:29:51,213 DEBUG [TestNG-tests-1] cache:45 - Couldn't find template in cache for "head.ftl"("en", UTF-8, parsed); will try to load it.
2022-03-28 13:29:51,214 DEBUG [TestNG-tests-1] cache:45 - TemplateLoader.findTemplateSource("head_en.ftl"): Not found
2022-03-28 13:29:51,214 DEBUG [TestNG-tests-1] cache:45 - TemplateLoader.findTemplateSource("head.ftl"): Found
2022-03-28 13:29:51,215 DEBUG [TestNG-tests-1] cache:45 - Loading template for "head.ftl"("en", UTF-8, parsed) from "jar:file:/C:/Users/E008104/.m2/repository/com/aventstack/extentreports/3.1.5/extentreports-3.1.5.jar!/com/aventstack/extentreports/view/html-report/head.ftl"
2022-03-28 13:29:51,217 DEBUG [TestNG-tests-1] cache:45 - Couldn't find template in cache for "nav.ftl"("en", UTF-8, parsed); will try to load it.
2022-03-28 13:29:51,218 DEBUG [TestNG-tests-1] cache:45 - TemplateLoader.findTemplateSource("nav_en.ftl"): Not found
2022-03-28 13:29:51,218 DEBUG [TestNG-tests-1] cache:45 - TemplateLoader.findTemplateSource("nav.ftl"): Found
2022-03-28 13:29:51,218 DEBUG [TestNG-tests-1] cache:45 - Loading template for "nav.ftl"("en", UTF-8, parsed) from "jar:file:/C:/Users/E008104/.m2/repository/com/aventstack/extentreports/3.1.5/extentreports-3.1.5.jar!/com/aventstack/extentreports/view/html-report/nav.ftl"
2022-03-28 13:29:51,223 DEBUG [TestNG-tests-1] cache:45 - Couldn't find template in cache for "test-view/test-view.ftl"("en", UTF-8, parsed); will try to load it.
2022-03-28 13:29:51,223 DEBUG [TestNG-tests-1] cache:45 - TemplateLoader.findTemplateSource("test-view/test-view_en.ftl"): Not found
2022-03-28 13:29:51,224 DEBUG [TestNG-tests-1] cache:45 - TemplateLoader.findTemplateSource("test-view/test-view.ftl"): Found
2022-03-28 13:29:51,224 DEBUG [TestNG-tests-1] cache:45 - Loading template for "test-view/test-view.ftl"("en", UTF-8, parsed) from "jar:file:/C:/Users/E008104/.m2/repository/com/aventstack/extentreports/3.1.5/extentreports-3.1.5.jar!/com/aventstack/extentreports/view/html-report/test-view/test-view.ftl"
2022-03-28 13:29:51,233 DEBUG [TestNG-tests-1] cache:45 - Couldn't find template in cache for "test-view/test-view-charts.ftl"("en", UTF-8, parsed); will try to load it.
2022-03-28 13:29:51,233 DEBUG [TestNG-tests-1] cache:45 - TemplateLoader.findTemplateSource("test-view/test-view-charts_en.ftl"): Not found
2022-03-28 13:29:51,234 DEBUG [TestNG-tests-1] cache:45 - TemplateLoader.findTemplateSource("test-view/test-view-charts.ftl"): Found
2022-03-28 13:29:51,234 DEBUG [TestNG-tests-1] cache:45 - Loading template for "test-view/test-view-charts.ftl"("en", UTF-8, parsed) from "jar:file:/C:/Users/E008104/.m2/repository/com/aventstack/extentreports/3.1.5/extentreports-3.1.5.jar!/com/aventstack/extentreports/view/html-report/test-view/test-view-charts.ftl"
2022-03-28 13:29:51,244 DEBUG [TestNG-tests-1] cache:45 - Couldn't find template in cache for "test-view/standard.ftl"("en", UTF-8, parsed); will try to load it.
2022-03-28 13:29:51,246 DEBUG [TestNG-tests-1] cache:45 - TemplateLoader.findTemplateSource("test-view/standard_en.ftl"): Not found
2022-03-28 13:29:51,247 DEBUG [TestNG-tests-1] cache:45 - TemplateLoader.findTemplateSource("test-view/standard.ftl"): Found
2022-03-28 13:29:51,247 DEBUG [TestNG-tests-1] cache:45 - Loading template for "test-view/standard.ftl"("en", UTF-8, parsed) from "jar:file:/C:/Users/E008104/.m2/repository/com/aventstack/extentreports/3.1.5/extentreports-3.1.5.jar!/com/aventstack/extentreports/view/html-report/test-view/standard.ftl"
2022-03-28 13:29:51,263 DEBUG [TestNG-tests-1] cache:45 - "test-view/standard.ftl"("en", UTF-8, parsed) cached copy not yet stale; using cached.
2022-03-28 13:29:51,264 DEBUG [TestNG-tests-1] cache:45 - "test-view/standard.ftl"("en", UTF-8, parsed) cached copy not yet stale; using cached.
2022-03-28 13:29:51,267 DEBUG [TestNG-tests-1] cache:45 - "test-view/standard.ftl"("en", UTF-8, parsed) cached copy not yet stale; using cached.
2022-03-28 13:29:51,268 DEBUG [TestNG-tests-1] cache:45 - "test-view/standard.ftl"("en", UTF-8, parsed) cached copy not yet stale; using cached.
2022-03-28 13:29:51,268 DEBUG [TestNG-tests-1] cache:45 - "test-view/standard.ftl"("en", UTF-8, parsed) cached copy not yet stale; using cached.
2022-03-28 13:29:51,269 DEBUG [TestNG-tests-1] cache:45 - "test-view/standard.ftl"("en", UTF-8, parsed) cached copy not yet stale; using cached.
2022-03-28 13:29:51,269 DEBUG [TestNG-tests-1] cache:45 - "test-view/standard.ftl"("en", UTF-8, parsed) cached copy not yet stale; using cached.
2022-03-28 13:29:51,273 DEBUG [TestNG-tests-1] cache:45 - "test-view/standard.ftl"("en", UTF-8, parsed) cached copy not yet stale; using cached.
2022-03-28 13:29:51,275 DEBUG [TestNG-tests-1] cache:45 - "test-view/standard.ftl"("en", UTF-8, parsed) cached copy not yet stale; using cached.
2022-03-28 13:29:51,276 DEBUG [TestNG-tests-1] cache:45 - "test-view/standard.ftl"("en", UTF-8, parsed) cached copy not yet stale; using cached.
2022-03-28 13:29:51,276 DEBUG [TestNG-tests-1] cache:45 - "test-view/standard.ftl"("en", UTF-8, parsed) cached copy not yet stale; using cached.
2022-03-28 13:29:51,277 DEBUG [TestNG-tests-1] cache:45 - "test-view/standard.ftl"("en", UTF-8, parsed) cached copy not yet stale; using cached.
2022-03-28 13:29:51,278 DEBUG [TestNG-tests-1] cache:45 - "test-view/standard.ftl"("en", UTF-8, parsed) cached copy not yet stale; using cached.
2022-03-28 13:29:51,279 DEBUG [TestNG-tests-1] cache:45 - "test-view/standard.ftl"("en", UTF-8, parsed) cached copy not yet stale; using cached.
2022-03-28 13:29:51,279 DEBUG [TestNG-tests-1] cache:45 - Couldn't find template in cache for "category-view/category-view.ftl"("en", UTF-8, parsed); will try to load it.
2022-03-28 13:29:51,280 DEBUG [TestNG-tests-1] cache:45 - TemplateLoader.findTemplateSource("category-view/category-view_en.ftl"): Not found
2022-03-28 13:29:51,281 DEBUG [TestNG-tests-1] cache:45 - TemplateLoader.findTemplateSource("category-view/category-view.ftl"): Found
2022-03-28 13:29:51,281 DEBUG [TestNG-tests-1] cache:45 - Loading template for "category-view/category-view.ftl"("en", UTF-8, parsed) from "jar:file:/C:/Users/E008104/.m2/repository/com/aventstack/extentreports/3.1.5/extentreports-3.1.5.jar!/com/aventstack/extentreports/view/html-report/category-view/category-view.ftl"
2022-03-28 13:29:51,289 DEBUG [TestNG-tests-1] cache:45 - Couldn't find template in cache for "author-view/author-view.ftl"("en", UTF-8, parsed); will try to load it.
2022-03-28 13:29:51,289 DEBUG [TestNG-tests-1] cache:45 - TemplateLoader.findTemplateSource("author-view/author-view_en.ftl"): Not found
2022-03-28 13:29:51,289 DEBUG [TestNG-tests-1] cache:45 - TemplateLoader.findTemplateSource("author-view/author-view.ftl"): Found
2022-03-28 13:29:51,290 DEBUG [TestNG-tests-1] cache:45 - Loading template for "author-view/author-view.ftl"("en", UTF-8, parsed) from "jar:file:/C:/Users/E008104/.m2/repository/com/aventstack/extentreports/3.1.5/extentreports-3.1.5.jar!/com/aventstack/extentreports/view/html-report/author-view/author-view.ftl"
2022-03-28 13:29:51,293 DEBUG [TestNG-tests-1] cache:45 - Couldn't find template in cache for "exception-view/exception-view.ftl"("en", UTF-8, parsed); will try to load it.
2022-03-28 13:29:51,294 DEBUG [TestNG-tests-1] cache:45 - TemplateLoader.findTemplateSource("exception-view/exception-view_en.ftl"): Not found
2022-03-28 13:29:51,294 DEBUG [TestNG-tests-1] cache:45 - TemplateLoader.findTemplateSource("exception-view/exception-view.ftl"): Found
2022-03-28 13:29:51,294 DEBUG [TestNG-tests-1] cache:45 - Loading template for "exception-view/exception-view.ftl"("en", UTF-8, parsed) from "jar:file:/C:/Users/E008104/.m2/repository/com/aventstack/extentreports/3.1.5/extentreports-3.1.5.jar!/com/aventstack/extentreports/view/html-report/exception-view/exception-view.ftl"
2022-03-28 13:29:51,300 DEBUG [TestNG-tests-1] cache:45 - Couldn't find template in cache for "dashboard-view/dashboard-view.ftl"("en", UTF-8, parsed); will try to load it.
2022-03-28 13:29:51,301 DEBUG [TestNG-tests-1] cache:45 - TemplateLoader.findTemplateSource("dashboard-view/dashboard-view_en.ftl"): Not found
2022-03-28 13:29:51,301 DEBUG [TestNG-tests-1] cache:45 - TemplateLoader.findTemplateSource("dashboard-view/dashboard-view.ftl"): Found
2022-03-28 13:29:51,302 DEBUG [TestNG-tests-1] cache:45 - Loading template for "dashboard-view/dashboard-view.ftl"("en", UTF-8, parsed) from "jar:file:/C:/Users/E008104/.m2/repository/com/aventstack/extentreports/3.1.5/extentreports-3.1.5.jar!/com/aventstack/extentreports/view/html-report/dashboard-view/dashboard-view.ftl"
2022-03-28 13:29:51,306 DEBUG [TestNG-tests-1] cache:45 - Couldn't find template in cache for "logs-view/testrunner-logs-view.ftl"("en", UTF-8, parsed); will try to load it.
2022-03-28 13:29:51,307 DEBUG [TestNG-tests-1] cache:45 - TemplateLoader.findTemplateSource("logs-view/testrunner-logs-view_en.ftl"): Not found
2022-03-28 13:29:51,308 DEBUG [TestNG-tests-1] cache:45 - TemplateLoader.findTemplateSource("logs-view/testrunner-logs-view.ftl"): Found
2022-03-28 13:29:51,308 DEBUG [TestNG-tests-1] cache:45 - Loading template for "logs-view/testrunner-logs-view.ftl"("en", UTF-8, parsed) from "jar:file:/C:/Users/E008104/.m2/repository/com/aventstack/extentreports/3.1.5/extentreports-3.1.5.jar!/com/aventstack/extentreports/view/html-report/logs-view/testrunner-logs-view.ftl"
