<?xml version="1.0" encoding="UTF-8"?>
<!-- Generated by org.testng.reporters.JUnitXMLReporter -->
<testsuite ignored="0" hostname="DESKTOP-63T8UJL" failures="2" tests="9" name="Surefire test" time="168.716" errors="0" timestamp="2022-03-19T19:47:30 IST">
  <testcase classname="com.flipkart.test.AccountsPageTest" name="verifyHomePageTitle" time="0.01"/>
  <testcase classname="com.flipkart.test.AccountsPageTest" name="verifyTabItemsInAccountsPage" time="0.193"/>
  <testcase classname="com.flipkart.test.LoginPageTest" name="loginPageTitleTest" time="0.006"/>
  <testcase classname="com.flipkart.test.LoginPageTest" name="logoValidationTest" time="0.024"/>
  <testcase classname="com.flipkart.test.LoginPageTest" name="loginTest" time="2.936"/>
  <testcase classname="com.flipkart.test.LoginPageTest" name="loginTest" time="1.999">
    <failure type="java.lang.AssertionError" message="expected [My account - My Store] but found [Login - My Store]">
      <![CDATA[java.lang.AssertionError: expected [My account - My Store] but found [Login - My Store]
at com.flipkart.test.LoginPageTest.loginTest(LoginPageTest.java:86)
at java.base/java.util.ArrayList.forEach(ArrayList.java:1511)
... Removed 38 stack frames]]>
    </failure>
  </testcase> <!-- loginTest -->
  <testcase classname="com.flipkart.test.OrderDetailsPageTest" name="VerifyOrderDetailsPage" time="0.278"/>
  <testcase classname="com.flipkart.test.ShoppingCartPageTest" name="verifyShoppingCartPage" time="20.404">
    <failure type="java.lang.NumberFormatException" message="For input string: &amp;quot;1.0&amp;quot;">
      <![CDATA[java.lang.NumberFormatException: For input string: "1.0"
at java.base/java.lang.NumberFormatException.forInputString(NumberFormatException.java:68)
at java.base/java.lang.Integer.parseInt(Integer.java:652)
at java.base/java.lang.Integer.parseInt(Integer.java:770)
at com.flipkart.test.ShoppingCartPageTest.verifyShoppingCartPage(ShoppingCartPageTest.java:56)
at java.base/java.util.ArrayList.forEach(ArrayList.java:1511)
... Removed 32 stack frames]]>
    </failure>
  </testcase> <!-- verifyShoppingCartPage -->
  <testcase classname="com.flipkart.test.WomenProductPageTest" name="verifyProductDetailsPage" time="10.331"/>
</testsuite> <!-- Surefire test -->
