<?xml version="1.0" encoding="UTF-8"?>
<!-- Generated by org.testng.reporters.JUnitXMLReporter -->
<testsuite ignored="0" hostname="DESKTOP-63T8UJL" failures="2" tests="12" name="Test" time="171.7" errors="0" timestamp="2022-03-19T20:51:40 IST">
  <testcase classname="com.flipkart.test.OrderDetailsPageTest" name="@BeforeMethod initialize" time="24.361">
    <failure type="org.openqa.selenium.NoSuchFrameException" message="no such frame
  (Session info: chrome=99.0.4844.74)
Build info: version: &amp;apos;4.1.0&amp;apos;, revision: &amp;apos;87802e897b&amp;apos;
System info: host: &amp;apos;DESKTOP-63T8UJL&amp;apos;, ip: &amp;apos;192.168.225.51&amp;apos;, os.name: &amp;apos;Windows 10&amp;apos;, os.arch: &amp;apos;amd64&amp;apos;, os.version: &amp;apos;10.0&amp;apos;, java.version: &amp;apos;15.0.2&amp;apos;
Driver info: org.openqa.selenium.chrome.ChromeDriver
Command: [2abce40a9d6bb50c90a3a86ed4fe1adf, switchToFrame {id=0}]
Capabilities {acceptInsecureCerts: false, browserName: chrome, browserVersion: 99.0.4844.74, chrome: {chromedriverVersion: 99.0.4844.51 (d537ec02474b5..., userDataDir: C:\Users\Dinesh\AppData\Loc...}, goog:chromeOptions: {debuggerAddress: localhost:51783}, javascriptEnabled: true, networkConnectionEnabled: false, pageLoadStrategy: normal, platform: WINDOWS, platformName: WINDOWS, proxy: Proxy(), se:cdp: ws://localhost:51783/devtoo..., se:cdpVersion: 99.0.4844.74, setWindowRect: true, strictFileInteractability: false, timeouts: {implicit: 0, pageLoad: 300000, script: 30000}, unhandledPromptBehavior: dismiss and notify, webauthn:extension:credBlob: true, webauthn:extension:largeBlob: true, webauthn:virtualAuthenticators: true}
Session ID: 2abce40a9d6bb50c90a3a86ed4fe1adf">
      <![CDATA[org.openqa.selenium.NoSuchFrameException: no such frame
  (Session info: chrome=99.0.4844.74)
Build info: version: '4.1.0', revision: '87802e897b'
System info: host: 'DESKTOP-63T8UJL', ip: '192.168.225.51', os.name: 'Windows 10', os.arch: 'amd64', os.version: '10.0', java.version: '15.0.2'
Driver info: org.openqa.selenium.chrome.ChromeDriver
Command: [2abce40a9d6bb50c90a3a86ed4fe1adf, switchToFrame {id=0}]
Capabilities {acceptInsecureCerts: false, browserName: chrome, browserVersion: 99.0.4844.74, chrome: {chromedriverVersion: 99.0.4844.51 (d537ec02474b5..., userDataDir: C:\Users\Dinesh\AppData\Loc...}, goog:chromeOptions: {debuggerAddress: localhost:51783}, javascriptEnabled: true, networkConnectionEnabled: false, pageLoadStrategy: normal, platform: WINDOWS, platformName: WINDOWS, proxy: Proxy(), se:cdp: ws://localhost:51783/devtoo..., se:cdpVersion: 99.0.4844.74, setWindowRect: true, strictFileInteractability: false, timeouts: {implicit: 0, pageLoad: 300000, script: 30000}, unhandledPromptBehavior: dismiss and notify, webauthn:extension:credBlob: true, webauthn:extension:largeBlob: true, webauthn:virtualAuthenticators: true}
Session ID: 2abce40a9d6bb50c90a3a86ed4fe1adf
at org.openqa.selenium.remote.codec.w3c.W3CHttpResponseCodec.createException(W3CHttpResponseCodec.java:200)
at org.openqa.selenium.remote.codec.w3c.W3CHttpResponseCodec.decode(W3CHttpResponseCodec.java:133)
at org.openqa.selenium.remote.codec.w3c.W3CHttpResponseCodec.decode(W3CHttpResponseCodec.java:53)
at org.openqa.selenium.remote.HttpCommandExecutor.execute(HttpCommandExecutor.java:184)
at org.openqa.selenium.remote.service.DriverCommandExecutor.invokeExecute(DriverCommandExecutor.java:164)
at org.openqa.selenium.remote.service.DriverCommandExecutor.execute(DriverCommandExecutor.java:139)
at org.openqa.selenium.remote.RemoteWebDriver.execute(RemoteWebDriver.java:559)
at org.openqa.selenium.remote.RemoteWebDriver$RemoteTargetLocator.frame(RemoteWebDriver.java:975)
at com.flipkart.pages.ProductsPage.clickProductImage(ProductsPage.java:52)
at com.flipkart.test.OrderDetailsPageTest.initialize(OrderDetailsPageTest.java:40)
at java.base/java.util.ArrayList.forEach(ArrayList.java:1511)
... Removed 36 stack frames]]>
    </failure>
  </testcase> <!-- @BeforeMethod initialize -->
  <testcase classname="com.flipkart.test.OrderDetailsPageTest" name="@AfterMethod tearDown" time="-1.647703300306E9">
    <skipped/>
  </testcase> <!-- @AfterMethod tearDown -->
  <testcase classname="com.flipkart.test.LoginPageTest" name="loginPageTitleTest" time="0.021"/>
  <testcase classname="com.flipkart.test.LoginPageTest" name="logoValidationTest" time="0.032"/>
  <testcase classname="com.flipkart.test.LoginPageTest" name="loginTest" time="2.734"/>
  <testcase classname="com.flipkart.test.LoginPageTest" name="loginTest" time="1.042">
    <skipped/>
  </testcase> <!-- loginTest -->
  <testcase classname="com.flipkart.test.LoginPageTest" name="loginTest" time="1.287">
    <skipped/>
  </testcase> <!-- loginTest -->
  <testcase classname="com.flipkart.test.LoginPageTest" name="loginTest" time="1.453">
    <skipped/>
  </testcase> <!-- loginTest -->
  <testcase classname="com.flipkart.test.LoginPageTest" name="loginTest" time="1.243">
    <failure type="java.lang.AssertionError" message="expected [My account - My Store] but found [Login - My Store]">
      <![CDATA[java.lang.AssertionError: expected [My account - My Store] but found [Login - My Store]
at com.flipkart.test.LoginPageTest.loginTest(LoginPageTest.java:86)
at java.base/java.util.ArrayList.forEach(ArrayList.java:1511)
... Removed 33 stack frames]]>
    </failure>
  </testcase> <!-- loginTest -->
  <testcase classname="com.flipkart.test.AccountsPageTest" name="verifyHomePageTitle" time="0.01"/>
  <testcase classname="com.flipkart.test.AccountsPageTest" name="verifyTabItemsInAccountsPage" time="0.209"/>
  <testcase classname="com.flipkart.test.WomenProductPageTest" name="verifyProductDetailsPage" time="10.294"/>
  <testcase classname="com.flipkart.test.ShoppingCartPageTest" name="verifyShoppingCartPage" time="20.319">
    <failure type="java.lang.NumberFormatException" message="For input string: &amp;quot;1.0&amp;quot;">
      <![CDATA[java.lang.NumberFormatException: For input string: "1.0"
at java.base/java.lang.NumberFormatException.forInputString(NumberFormatException.java:68)
at java.base/java.lang.Integer.parseInt(Integer.java:652)
at java.base/java.lang.Integer.parseInt(Integer.java:770)
at com.flipkart.test.ShoppingCartPageTest.verifyShoppingCartPage(ShoppingCartPageTest.java:56)
at java.base/java.util.ArrayList.forEach(ArrayList.java:1511)
... Removed 27 stack frames]]>
    </failure>
  </testcase> <!-- verifyShoppingCartPage -->
  <testcase classname="com.flipkart.test.OrderDetailsPageTest" name="VerifyOrderDetailsPage" time="0.0">
    <skipped/>
  </testcase> <!-- VerifyOrderDetailsPage -->
</testsuite> <!-- Test -->
