<?xml version="1.0" encoding="UTF-8"?>
<testng-results ignored="0" total="9" passed="7" failed="2" skipped="0">
  <reporter-output>
  </reporter-output>
  <suite started-at="2022-03-19T19:44:41 IST" name="Surefire suite" finished-at="2022-03-19T19:47:30 IST" duration-ms="168716">
    <groups>
    </groups>
    <test started-at="2022-03-19T19:44:41 IST" name="Surefire test" finished-at="2022-03-19T19:47:30 IST" duration-ms="168716">
      <class name="com.flipkart.test.AccountsPageTest">
        <test-method is-config="true" signature="setUp()[pri:0, instance:com.flipkart.test.AccountsPageTest@757277dc]" started-at="2022-03-19T19:44:41 IST" name="setUp" finished-at="2022-03-19T19:45:01 IST" duration-ms="19565" status="PASS">
          <reporter-output>
          </reporter-output>
        </test-method> <!-- setUp -->
        <test-method signature="verifyHomePageTitle()[pri:1, instance:com.flipkart.test.AccountsPageTest@757277dc]" started-at="2022-03-19T19:45:01 IST" name="verifyHomePageTitle" finished-at="2022-03-19T19:45:01 IST" duration-ms="10" status="PASS">
          <reporter-output>
          </reporter-output>
        </test-method> <!-- verifyHomePageTitle -->
        <test-method is-config="true" signature="tearDown()[pri:0, instance:com.flipkart.test.AccountsPageTest@757277dc]" started-at="2022-03-19T19:45:01 IST" name="tearDown" finished-at="2022-03-19T19:45:02 IST" duration-ms="600" status="PASS">
          <reporter-output>
          </reporter-output>
        </test-method> <!-- tearDown -->
        <test-method is-config="true" signature="setUp()[pri:0, instance:com.flipkart.test.AccountsPageTest@757277dc]" started-at="2022-03-19T19:45:02 IST" name="setUp" finished-at="2022-03-19T19:45:14 IST" duration-ms="12347" status="PASS">
          <reporter-output>
          </reporter-output>
        </test-method> <!-- setUp -->
        <test-method signature="verifyTabItemsInAccountsPage(java.lang.String, java.lang.String, java.lang.String, java.lang.String, java.lang.String)[pri:2, instance:com.flipkart.test.AccountsPageTest@757277dc]" started-at="2022-03-19T19:45:14 IST" name="verifyTabItemsInAccountsPage" data-provider="getAccountsTestData" finished-at="2022-03-19T19:45:15 IST" duration-ms="193" status="PASS">
          <params>
            <param index="0">
              <value>
                <![CDATA[Order history and details]]>
              </value>
            </param>
            <param index="1">
              <value>
                <![CDATA[My credit slips]]>
              </value>
            </param>
            <param index="2">
              <value>
                <![CDATA[My addresses]]>
              </value>
            </param>
            <param index="3">
              <value>
                <![CDATA[My personal information]]>
              </value>
            </param>
            <param index="4">
              <value>
                <![CDATA[My wishlists]]>
              </value>
            </param>
          </params>
          <reporter-output>
          </reporter-output>
        </test-method> <!-- verifyTabItemsInAccountsPage -->
        <test-method is-config="true" signature="tearDown()[pri:0, instance:com.flipkart.test.AccountsPageTest@757277dc]" started-at="2022-03-19T19:45:15 IST" name="tearDown" finished-at="2022-03-19T19:45:15 IST" duration-ms="588" status="PASS">
          <reporter-output>
          </reporter-output>
        </test-method> <!-- tearDown -->
      </class> <!-- com.flipkart.test.AccountsPageTest -->
      <class name="com.flipkart.test.OrderDetailsPageTest">
        <test-method is-config="true" signature="initialize()[pri:0, instance:com.flipkart.test.OrderDetailsPageTest@e4487af]" started-at="2022-03-19T19:45:52 IST" name="initialize" finished-at="2022-03-19T19:46:28 IST" duration-ms="36765" status="PASS">
          <reporter-output>
          </reporter-output>
        </test-method> <!-- initialize -->
        <test-method signature="VerifyOrderDetailsPage(java.lang.String, java.lang.String, java.lang.String, java.lang.String, java.lang.String)[pri:1, instance:com.flipkart.test.OrderDetailsPageTest@e4487af]" started-at="2022-03-19T19:46:28 IST" name="VerifyOrderDetailsPage" data-provider="getOrderDetails" finished-at="2022-03-19T19:46:29 IST" duration-ms="278" status="PASS">
          <params>
            <param index="0">
              <value>
                <![CDATA[Faded Short Sleeve T-shirts]]>
              </value>
            </param>
            <param index="1">
              <value>
                <![CDATA[$16.51]]>
              </value>
            </param>
            <param index="2">
              <value>
                <![CDATA[1.0]]>
              </value>
            </param>
            <param index="3">
              <value>
                <![CDATA[rgb(57, 155, 73)]]>
              </value>
            </param>
            <param index="4">
              <value>
                <![CDATA[In stock]]>
              </value>
            </param>
          </params>
          <reporter-output>
          </reporter-output>
        </test-method> <!-- VerifyOrderDetailsPage -->
        <test-method is-config="true" signature="tearDown()[pri:0, instance:com.flipkart.test.OrderDetailsPageTest@e4487af]" started-at="2022-03-19T19:46:29 IST" name="tearDown" finished-at="2022-03-19T19:46:29 IST" duration-ms="606" status="PASS">
          <reporter-output>
          </reporter-output>
        </test-method> <!-- tearDown -->
      </class> <!-- com.flipkart.test.OrderDetailsPageTest -->
      <class name="com.flipkart.test.WomenProductPageTest">
        <test-method is-config="true" signature="init()[pri:0, instance:com.flipkart.test.WomenProductPageTest@c86b9e3]" started-at="2022-03-19T19:47:04 IST" name="init" finished-at="2022-03-19T19:47:19 IST" duration-ms="15412" status="PASS">
          <reporter-output>
          </reporter-output>
        </test-method> <!-- init -->
        <test-method signature="verifyProductDetailsPage(java.lang.String, java.lang.String)[pri:1, instance:com.flipkart.test.WomenProductPageTest@c86b9e3]" started-at="2022-03-19T19:47:19 IST" name="verifyProductDetailsPage" data-provider="getProduceDetails" finished-at="2022-03-19T19:47:30 IST" duration-ms="10331" status="PASS">
          <params>
            <param index="0">
              <value>
                <![CDATA[Faded Short Sleeve T-shirts]]>
              </value>
            </param>
            <param index="1">
              <value>
                <![CDATA[$16.51]]>
              </value>
            </param>
          </params>
          <reporter-output>
          </reporter-output>
        </test-method> <!-- verifyProductDetailsPage -->
        <test-method is-config="true" signature="tearDown()[pri:0, instance:com.flipkart.test.WomenProductPageTest@c86b9e3]" started-at="2022-03-19T19:47:30 IST" name="tearDown" finished-at="2022-03-19T19:47:30 IST" duration-ms="605" status="PASS">
          <reporter-output>
          </reporter-output>
        </test-method> <!-- tearDown -->
      </class> <!-- com.flipkart.test.WomenProductPageTest -->
      <class name="com.flipkart.test.LoginPageTest">
        <test-method is-config="true" signature="setUp()[pri:0, instance:com.flipkart.test.LoginPageTest@687e99d8]" started-at="2022-03-19T19:45:15 IST" name="setUp" finished-at="2022-03-19T19:45:24 IST" duration-ms="8381" status="PASS">
          <reporter-output>
          </reporter-output>
        </test-method> <!-- setUp -->
        <test-method signature="loginPageTitleTest()[pri:1, instance:com.flipkart.test.LoginPageTest@687e99d8]" started-at="2022-03-19T19:45:24 IST" name="loginPageTitleTest" finished-at="2022-03-19T19:45:24 IST" duration-ms="6" status="PASS">
          <reporter-output>
          </reporter-output>
        </test-method> <!-- loginPageTitleTest -->
        <test-method is-config="true" signature="tearDown()[pri:0, instance:com.flipkart.test.LoginPageTest@687e99d8]" started-at="2022-03-19T19:45:24 IST" name="tearDown" finished-at="2022-03-19T19:45:24 IST" duration-ms="599" status="PASS">
          <reporter-output>
          </reporter-output>
        </test-method> <!-- tearDown -->
        <test-method is-config="true" signature="setUp()[pri:0, instance:com.flipkart.test.LoginPageTest@687e99d8]" started-at="2022-03-19T19:45:24 IST" name="setUp" finished-at="2022-03-19T19:45:31 IST" duration-ms="6441" status="PASS">
          <reporter-output>
          </reporter-output>
        </test-method> <!-- setUp -->
        <test-method signature="logoValidationTest()[pri:2, instance:com.flipkart.test.LoginPageTest@687e99d8]" started-at="2022-03-19T19:45:31 IST" name="logoValidationTest" finished-at="2022-03-19T19:45:31 IST" duration-ms="24" status="PASS">
          <reporter-output>
          </reporter-output>
        </test-method> <!-- logoValidationTest -->
        <test-method is-config="true" signature="tearDown()[pri:0, instance:com.flipkart.test.LoginPageTest@687e99d8]" started-at="2022-03-19T19:45:31 IST" name="tearDown" finished-at="2022-03-19T19:45:31 IST" duration-ms="577" status="PASS">
          <reporter-output>
          </reporter-output>
        </test-method> <!-- tearDown -->
        <test-method is-config="true" signature="setUp()[pri:0, instance:com.flipkart.test.LoginPageTest@687e99d8]" started-at="2022-03-19T19:45:31 IST" name="setUp" finished-at="2022-03-19T19:45:38 IST" duration-ms="6784" status="PASS">
          <reporter-output>
          </reporter-output>
        </test-method> <!-- setUp -->
        <test-method signature="loginTest(java.lang.String, java.lang.String)[pri:3, instance:com.flipkart.test.LoginPageTest@687e99d8]" started-at="2022-03-19T19:45:38 IST" name="loginTest" data-provider="getLoginTestData" finished-at="2022-03-19T19:45:41 IST" duration-ms="2936" status="PASS">
          <params>
            <param index="0">
              <value>
                <![CDATA[dineshrenganathan@solutionchamps.com]]>
              </value>
            </param>
            <param index="1">
              <value>
                <![CDATA[Welcome123$]]>
              </value>
            </param>
          </params>
          <reporter-output>
          </reporter-output>
        </test-method> <!-- loginTest -->
        <test-method is-config="true" signature="tearDown()[pri:0, instance:com.flipkart.test.LoginPageTest@687e99d8]" started-at="2022-03-19T19:45:41 IST" name="tearDown" finished-at="2022-03-19T19:45:42 IST" duration-ms="601" status="PASS">
          <reporter-output>
          </reporter-output>
        </test-method> <!-- tearDown -->
        <test-method is-config="true" signature="setUp()[pri:0, instance:com.flipkart.test.LoginPageTest@687e99d8]" started-at="2022-03-19T19:45:42 IST" name="setUp" finished-at="2022-03-19T19:45:49 IST" duration-ms="7303" status="PASS">
          <reporter-output>
          </reporter-output>
        </test-method> <!-- setUp -->
        <test-method signature="loginTest(java.lang.String, java.lang.String)[pri:3, instance:com.flipkart.test.LoginPageTest@687e99d8]" started-at="2022-03-19T19:45:49 IST" name="loginTest" data-provider="getLoginTestData" finished-at="2022-03-19T19:45:51 IST" duration-ms="1999" status="FAIL">
          <params>
            <param index="0">
              <value>
                <![CDATA[arun@gmail.com]]>
              </value>
            </param>
            <param index="1">
              <value>
                <![CDATA[abcd123$]]>
              </value>
            </param>
          </params>
          <exception class="java.lang.AssertionError">
            <message>
              <![CDATA[expected [My account - My Store] but found [Login - My Store]]]>
            </message>
            <full-stacktrace>
              <![CDATA[java.lang.AssertionError: expected [My account - My Store] but found [Login - My Store]
at org.testng.Assert.fail(Assert.java:99)
at org.testng.Assert.failNotEquals(Assert.java:1037)
at org.testng.Assert.assertEqualsImpl(Assert.java:140)
at org.testng.Assert.assertEquals(Assert.java:122)
at org.testng.Assert.assertEquals(Assert.java:629)
at org.testng.Assert.assertEquals(Assert.java:639)
at com.flipkart.test.LoginPageTest.loginTest(LoginPageTest.java:86)
at java.base/jdk.internal.reflect.NativeMethodAccessorImpl.invoke0(Native Method)
at java.base/jdk.internal.reflect.NativeMethodAccessorImpl.invoke(NativeMethodAccessorImpl.java:64)
at java.base/jdk.internal.reflect.DelegatingMethodAccessorImpl.invoke(DelegatingMethodAccessorImpl.java:43)
at java.base/java.lang.reflect.Method.invoke(Method.java:564)
at org.testng.internal.MethodInvocationHelper.invokeMethod(MethodInvocationHelper.java:132)
at org.testng.internal.TestInvoker.invokeMethod(TestInvoker.java:599)
at org.testng.internal.TestInvoker.invokeTestMethod(TestInvoker.java:174)
at org.testng.internal.MethodRunner.runInSequence(MethodRunner.java:46)
at org.testng.internal.TestInvoker$MethodInvocationAgent.invoke(TestInvoker.java:822)
at org.testng.internal.TestInvoker.invokeTestMethods(TestInvoker.java:147)
at org.testng.internal.TestMethodWorker.invokeTestMethods(TestMethodWorker.java:146)
at org.testng.internal.TestMethodWorker.run(TestMethodWorker.java:128)
at java.base/java.util.ArrayList.forEach(ArrayList.java:1511)
at org.testng.TestRunner.privateRun(TestRunner.java:764)
at org.testng.TestRunner.run(TestRunner.java:585)
at org.testng.SuiteRunner.runTest(SuiteRunner.java:384)
at org.testng.SuiteRunner.runSequentially(SuiteRunner.java:378)
at org.testng.SuiteRunner.privateRun(SuiteRunner.java:337)
at org.testng.SuiteRunner.run(SuiteRunner.java:286)
at org.testng.SuiteRunnerWorker.runSuite(SuiteRunnerWorker.java:53)
at org.testng.SuiteRunnerWorker.run(SuiteRunnerWorker.java:96)
at org.testng.TestNG.runSuitesSequentially(TestNG.java:1218)
at org.testng.TestNG.runSuitesLocally(TestNG.java:1140)
at org.testng.TestNG.runSuites(TestNG.java:1069)
at org.testng.TestNG.run(TestNG.java:1037)
at org.apache.maven.surefire.testng.TestNGExecutor.run(TestNGExecutor.java:135)
at org.apache.maven.surefire.testng.TestNGDirectoryTestSuite.executeMulti(TestNGDirectoryTestSuite.java:193)
at org.apache.maven.surefire.testng.TestNGDirectoryTestSuite.execute(TestNGDirectoryTestSuite.java:94)
at org.apache.maven.surefire.testng.TestNGProvider.invoke(TestNGProvider.java:146)
at org.apache.maven.surefire.booter.ForkedBooter.invokeProviderInSameClassLoader(ForkedBooter.java:384)
at org.apache.maven.surefire.booter.ForkedBooter.runSuitesInProcess(ForkedBooter.java:345)
at org.apache.maven.surefire.booter.ForkedBooter.execute(ForkedBooter.java:126)
at org.apache.maven.surefire.booter.ForkedBooter.main(ForkedBooter.java:418)
]]>
            </full-stacktrace>
          </exception> <!-- java.lang.AssertionError -->
          <reporter-output>
          </reporter-output>
        </test-method> <!-- loginTest -->
        <test-method is-config="true" signature="tearDown()[pri:0, instance:com.flipkart.test.LoginPageTest@687e99d8]" started-at="2022-03-19T19:45:51 IST" name="tearDown" finished-at="2022-03-19T19:45:52 IST" duration-ms="590" status="PASS">
          <reporter-output>
          </reporter-output>
        </test-method> <!-- tearDown -->
      </class> <!-- com.flipkart.test.LoginPageTest -->
      <class name="com.flipkart.test.ShoppingCartPageTest">
        <test-method is-config="true" signature="initialize()[pri:0, instance:com.flipkart.test.ShoppingCartPageTest@6aaceffd]" started-at="2022-03-19T19:46:29 IST" name="initialize" finished-at="2022-03-19T19:46:43 IST" duration-ms="13491" status="PASS">
          <reporter-output>
          </reporter-output>
        </test-method> <!-- initialize -->
        <test-method signature="verifyShoppingCartPage(java.lang.String, java.lang.String, java.lang.String, java.lang.String)[pri:1, instance:com.flipkart.test.ShoppingCartPageTest@6aaceffd]" started-at="2022-03-19T19:46:43 IST" name="verifyShoppingCartPage" data-provider="getShoppingCartDetails" finished-at="2022-03-19T19:47:03 IST" duration-ms="20404" status="FAIL">
          <params>
            <param index="0">
              <value>
                <![CDATA[Faded Short Sleeve T-shirts]]>
              </value>
            </param>
            <param index="1">
              <value>
                <![CDATA[$16.51]]>
              </value>
            </param>
            <param index="2">
              <value>
                <![CDATA[Product successfully added to your shopping cart]]>
              </value>
            </param>
            <param index="3">
              <value>
                <![CDATA[1.0]]>
              </value>
            </param>
          </params>
          <exception class="java.lang.NumberFormatException">
            <message>
              <![CDATA[For input string: "1.0"]]>
            </message>
            <full-stacktrace>
              <![CDATA[java.lang.NumberFormatException: For input string: "1.0"
at java.base/java.lang.NumberFormatException.forInputString(NumberFormatException.java:68)
at java.base/java.lang.Integer.parseInt(Integer.java:652)
at java.base/java.lang.Integer.parseInt(Integer.java:770)
at com.flipkart.test.ShoppingCartPageTest.verifyShoppingCartPage(ShoppingCartPageTest.java:56)
at java.base/jdk.internal.reflect.NativeMethodAccessorImpl.invoke0(Native Method)
at java.base/jdk.internal.reflect.NativeMethodAccessorImpl.invoke(NativeMethodAccessorImpl.java:64)
at java.base/jdk.internal.reflect.DelegatingMethodAccessorImpl.invoke(DelegatingMethodAccessorImpl.java:43)
at java.base/java.lang.reflect.Method.invoke(Method.java:564)
at org.testng.internal.MethodInvocationHelper.invokeMethod(MethodInvocationHelper.java:132)
at org.testng.internal.TestInvoker.invokeMethod(TestInvoker.java:599)
at org.testng.internal.TestInvoker.invokeTestMethod(TestInvoker.java:174)
at org.testng.internal.MethodRunner.runInSequence(MethodRunner.java:46)
at org.testng.internal.TestInvoker$MethodInvocationAgent.invoke(TestInvoker.java:822)
at org.testng.internal.TestInvoker.invokeTestMethods(TestInvoker.java:147)
at org.testng.internal.TestMethodWorker.invokeTestMethods(TestMethodWorker.java:146)
at org.testng.internal.TestMethodWorker.run(TestMethodWorker.java:128)
at java.base/java.util.ArrayList.forEach(ArrayList.java:1511)
at org.testng.TestRunner.privateRun(TestRunner.java:764)
at org.testng.TestRunner.run(TestRunner.java:585)
at org.testng.SuiteRunner.runTest(SuiteRunner.java:384)
at org.testng.SuiteRunner.runSequentially(SuiteRunner.java:378)
at org.testng.SuiteRunner.privateRun(SuiteRunner.java:337)
at org.testng.SuiteRunner.run(SuiteRunner.java:286)
at org.testng.SuiteRunnerWorker.runSuite(SuiteRunnerWorker.java:53)
at org.testng.SuiteRunnerWorker.run(SuiteRunnerWorker.java:96)
at org.testng.TestNG.runSuitesSequentially(TestNG.java:1218)
at org.testng.TestNG.runSuitesLocally(TestNG.java:1140)
at org.testng.TestNG.runSuites(TestNG.java:1069)
at org.testng.TestNG.run(TestNG.java:1037)
at org.apache.maven.surefire.testng.TestNGExecutor.run(TestNGExecutor.java:135)
at org.apache.maven.surefire.testng.TestNGDirectoryTestSuite.executeMulti(TestNGDirectoryTestSuite.java:193)
at org.apache.maven.surefire.testng.TestNGDirectoryTestSuite.execute(TestNGDirectoryTestSuite.java:94)
at org.apache.maven.surefire.testng.TestNGProvider.invoke(TestNGProvider.java:146)
at org.apache.maven.surefire.booter.ForkedBooter.invokeProviderInSameClassLoader(ForkedBooter.java:384)
at org.apache.maven.surefire.booter.ForkedBooter.runSuitesInProcess(ForkedBooter.java:345)
at org.apache.maven.surefire.booter.ForkedBooter.execute(ForkedBooter.java:126)
at org.apache.maven.surefire.booter.ForkedBooter.main(ForkedBooter.java:418)
]]>
            </full-stacktrace>
          </exception> <!-- java.lang.NumberFormatException -->
          <reporter-output>
          </reporter-output>
        </test-method> <!-- verifyShoppingCartPage -->
        <test-method is-config="true" signature="tearDown()[pri:0, instance:com.flipkart.test.ShoppingCartPageTest@6aaceffd]" started-at="2022-03-19T19:47:03 IST" name="tearDown" finished-at="2022-03-19T19:47:04 IST" duration-ms="610" status="PASS">
          <reporter-output>
          </reporter-output>
        </test-method> <!-- tearDown -->
      </class> <!-- com.flipkart.test.ShoppingCartPageTest -->
    </test> <!-- Surefire test -->
  </suite> <!-- Surefire suite -->
</testng-results>
